<?xml version="1.0" encoding="UTF-8"?>
<!-- Generated by org.testng.reporters.JUnitReportReporter -->
<testsuite hostname="DESKTOP-NLD5HU1" name="com.qa.testdata.LoginPageTest" tests="2" failures="0" timestamp="1 Feb 2021 19:09:16 GMT" time="15.997" errors="0">
  <testcase name="loginPageLinkTest" time="7.061" classname="com.qa.testdata.LoginPageTest"/>
  <testcase name="loginPageTest" time="8.936" classname="com.qa.testdata.LoginPageTest"/>
</testsuite> <!-- com.qa.testdata.LoginPageTest -->
