<?xml version="1.0" encoding="UTF-8"?>
<!-- Generated by org.testng.reporters.JUnitReportReporter -->
<testsuite hostname="DESKTOP-NLD5HU1" name="testCasess.LoginPageTest" tests="2" failures="0" timestamp="12 Feb 2021 10:10:20 GMT" time="24.555" errors="0">
  <testcase name="loginPageTest" time="14.635" classname="testCasess.LoginPageTest"/>
  <testcase name="loginPageLinkTest" time="9.920" classname="testCasess.LoginPageTest"/>
</testsuite> <!-- testCasess.LoginPageTest -->
