<?xml version="1.0" encoding="UTF-8"?>
<!-- Generated by org.testng.reporters.JUnitReportReporter -->
<testsuite hostname="DESKTOP-NLD5HU1" name="testCasess.HomePageTest" tests="1" failures="0" timestamp="12 Feb 2021 10:10:20 GMT" time="17.537" errors="0">
  <testcase name="clickOnUserlinktest" time="17.537" classname="testCasess.HomePageTest"/>
</testsuite> <!-- testCasess.HomePageTest -->
