<?xml version="1.0" encoding="UTF-8"?>
<!-- Generated by org.testng.reporters.JUnitReportReporter -->
<testsuite hostname="DESKTOP-NLD5HU1" name="testCasess.RegNewMemberTest" tests="1" failures="0" timestamp="14 Feb 2021 11:13:46 GMT" time="8.742" errors="0">
  <testcase name="validateRgNewUserMember" time="8.742" classname="testCasess.RegNewMemberTest"/>
</testsuite> <!-- testCasess.RegNewMemberTest -->
